[[1;34mINFO[m] Scanning for projects...
[[1;34mINFO[m] 
[[1;34mINFO[m] [1m------------------------< [0;36mcom.lms:lms-backend[0;1m >-------------------------[m
[[1;34mINFO[m] [1mBuilding LMS Backend 1.0.0[m
[[1;34mINFO[m] [1m--------------------------------[ jar ]---------------------------------[m
[[1;34mINFO[m] 
[[1;34mINFO[m] [1m>>> [0;32mspring-boot-maven-plugin:2.7.0:run[m [1m(default-cli)[0;1m > [0;1mtest-compile[m @ [36mlms-backend[0;1m >>>[m
[[1;34mINFO[m] 
[[1;34mINFO[m] [1m--- [0;32mmaven-resources-plugin:3.2.0:resources[m [1m(default-resources)[m @ [36mlms-backend[0;1m ---[m
[[1;34mINFO[m] Using 'UTF-8' encoding to copy filtered resources.
[[1;34mINFO[m] Using 'UTF-8' encoding to copy filtered properties files.
[[1;34mINFO[m] Copying 1 resource
[[1;34mINFO[m] Copying 0 resource
[[1;34mINFO[m] 
[[1;34mINFO[m] [1m--- [0;32mmaven-compiler-plugin:3.10.1:compile[m [1m(default-compile)[m @ [36mlms-backend[0;1m ---[m
[[1;34mINFO[m] Nothing to compile - all classes are up to date
[[1;34mINFO[m] 
[[1;34mINFO[m] [1m--- [0;32mmaven-resources-plugin:3.2.0:testResources[m [1m(default-testResources)[m @ [36mlms-backend[0;1m ---[m
[[1;34mINFO[m] Using 'UTF-8' encoding to copy filtered resources.
[[1;34mINFO[m] Using 'UTF-8' encoding to copy filtered properties files.
[[1;34mINFO[m] skip non existing resourceDirectory /home/coder/project/workspace/springapp/src/test/resources
[[1;34mINFO[m] 
[[1;34mINFO[m] [1m--- [0;32mmaven-compiler-plugin:3.10.1:testCompile[m [1m(default-testCompile)[m @ [36mlms-backend[0;1m ---[m
[[1;34mINFO[m] Nothing to compile - all classes are up to date
[[1;34mINFO[m] 
[[1;34mINFO[m] [1m<<< [0;32mspring-boot-maven-plugin:2.7.0:run[m [1m(default-cli)[0;1m < [0;1mtest-compile[m @ [36mlms-backend[0;1m <<<[m
[[1;34mINFO[m] 
[[1;34mINFO[m] 
[[1;34mINFO[m] [1m--- [0;32mspring-boot-maven-plugin:2.7.0:run[m [1m(default-cli)[m @ [36mlms-backend[0;1m ---[m
[[1;34mINFO[m] Attaching agents: []

  .   ____          _            __ _ _
 /\\ / ___'_ __ _ _(_)_ __  __ _ \ \ \ \
( ( )\___ | '_ | '_| | '_ \/ _` | \ \ \ \
 \\/  ___)| |_)| | | | | || (_| |  ) ) ) )
  '  |____| .__|_| |_|_| |_\__, | / / / /
 =========|_|==============|___/=/_/_/_/
 :: Spring Boot ::                (v2.7.0)

2025-10-06 09:56:03.872  INFO 59706 --- [           main] com.lms.LmsApplication                   : Starting LmsApplication using Java 17.0.15 on faafabcfdbdafadabdcfaceddbbabeaeefcea-0 with PID 59706 (/home/coder/project/workspace/springapp/target/classes started by coder in /home/coder/project/workspace/springapp)
2025-10-06 09:56:03.874  INFO 59706 --- [           main] com.lms.LmsApplication                   : No active profile set, falling back to 1 default profile: "default"
2025-10-06 09:56:04.322  INFO 59706 --- [           main] .s.d.r.c.RepositoryConfigurationDelegate : Bootstrapping Spring Data JPA repositories in DEFAULT mode.
2025-10-06 09:56:04.359  INFO 59706 --- [           main] .s.d.r.c.RepositoryConfigurationDelegate : Finished Spring Data repository scanning in 31 ms. Found 4 JPA repository interfaces.
2025-10-06 09:56:04.745  INFO 59706 --- [           main] o.s.b.w.embedded.tomcat.TomcatWebServer  : Tomcat initialized with port(s): 8080 (http)
2025-10-06 09:56:04.754  INFO 59706 --- [           main] o.apache.catalina.core.StandardService   : Starting service [Tomcat]
2025-10-06 09:56:04.754  INFO 59706 --- [           main] org.apache.catalina.core.StandardEngine  : Starting Servlet engine: [Apache Tomcat/9.0.63]
2025-10-06 09:56:04.817  INFO 59706 --- [           main] o.a.c.c.C.[Tomcat].[localhost].[/]       : Initializing Spring embedded WebApplicationContext
2025-10-06 09:56:04.817  INFO 59706 --- [           main] w.s.c.ServletWebServerApplicationContext : Root WebApplicationContext: initialization completed in 913 ms
2025-10-06 09:56:04.841  INFO 59706 --- [           main] com.zaxxer.hikari.HikariDataSource       : HikariPool-1 - Starting...
2025-10-06 09:56:04.978  INFO 59706 --- [           main] com.zaxxer.hikari.HikariDataSource       : HikariPool-1 - Start completed.
2025-10-06 09:56:04.987  INFO 59706 --- [           main] o.s.b.a.h2.H2ConsoleAutoConfiguration    : H2 console available at '/h2-console'. Database available at 'jdbc:h2:mem:lmsdb'
2025-10-06 09:56:05.124  INFO 59706 --- [           main] o.hibernate.jpa.internal.util.LogHelper  : HHH000204: Processing PersistenceUnitInfo [name: default]
2025-10-06 09:56:05.155  INFO 59706 --- [           main] org.hibernate.Version                    : HHH000412: Hibernate ORM core version 5.6.9.Final
2025-10-06 09:56:05.273  INFO 59706 --- [           main] o.hibernate.annotations.common.Version   : HCANN000001: Hibernate Commons Annotations {5.1.2.Final}
2025-10-06 09:56:05.341  INFO 59706 --- [           main] org.hibernate.dialect.Dialect            : HHH000400: Using dialect: org.hibernate.dialect.H2Dialect
Hibernate: 
    
    drop table if exists courses CASCADE 
Hibernate: 
    
    drop table if exists enrollments CASCADE 
Hibernate: 
    
    drop table if exists quizzes CASCADE 
Hibernate: 
    
    drop table if exists users CASCADE 
Hibernate: 
    
    create table courses (
       id bigint generated by default as identity,
        created_date timestamp,
        description TEXT,
        title varchar(255) not null,
        primary key (id)
    )
Hibernate: 
    
    create table enrollments (
       id bigint generated by default as identity,
        course_id bigint not null,
        progress integer not null,
        user_id bigint not null,
        primary key (id)
    )
Hibernate: 
    
    create table quizzes (
       id bigint generated by default as identity,
        correct_answer varchar(255) not null,
        course_id bigint not null,
        option_a varchar(255) not null,
        option_b varchar(255) not null,
        option_c varchar(255) not null,
        option_d varchar(255) not null,
        question TEXT not null,
        primary key (id)
    )
Hibernate: 
    
    create table users (
       id bigint generated by default as identity,
        email varchar(255) not null,
        name varchar(255) not null,
        password varchar(255) not null,
        role varchar(255) not null,
        primary key (id)
    )
Hibernate: 
    
    alter table users 
       add constraint UK_6dotkott2kjsp8vw4d0m25fb7 unique (email)
2025-10-06 09:56:05.715  INFO 59706 --- [           main] o.h.e.t.j.p.i.JtaPlatformInitiator       : HHH000490: Using JtaPlatform implementation: [org.hibernate.engine.transaction.jta.platform.internal.NoJtaPlatform]
2025-10-06 09:56:05.720  INFO 59706 --- [           main] j.LocalContainerEntityManagerFactoryBean : Initialized JPA EntityManagerFactory for persistence unit 'default'
2025-10-06 09:56:06.124  WARN 59706 --- [           main] .s.s.UserDetailsServiceAutoConfiguration : 

Using generated security password: c18a2e32-d0ce-4fde-a720-46e2fd6b0d68

This generated password is for development use only. Your security configuration must be updated before running your application in production.

2025-10-06 09:56:06.200  INFO 59706 --- [           main] o.s.s.web.DefaultSecurityFilterChain     : Will secure any request with [org.springframework.security.web.session.DisableEncodeUrlFilter@b2e1df3, org.springframework.security.web.context.request.async.WebAsyncManagerIntegrationFilter@56193e3a, org.springframework.security.web.context.SecurityContextPersistenceFilter@40edc64e, org.springframework.security.web.header.HeaderWriterFilter@7a51dc38, org.springframework.web.filter.CorsFilter@6cf3b3d7, org.springframework.security.web.authentication.logout.LogoutFilter@5740ad76, com.lms.config.SecurityConfig$JwtAuthenticationFilter@3f5156a6, org.springframework.security.web.savedrequest.RequestCacheAwareFilter@372f7bc, org.springframework.security.web.servletapi.SecurityContextHolderAwareRequestFilter@8e8ceb3, org.springframework.security.web.authentication.AnonymousAuthenticationFilter@2e785b28, org.springframework.security.web.session.SessionManagementFilter@70f5f57d, org.springframework.security.web.access.ExceptionTranslationFilter@a926db4, org.springframework.security.web.access.intercept.FilterSecurityInterceptor@4b762988]
2025-10-06 09:56:06.230  WARN 59706 --- [           main] JpaBaseConfiguration$JpaWebConfiguration : spring.jpa.open-in-view is enabled by default. Therefore, database queries may be performed during view rendering. Explicitly configure spring.jpa.open-in-view to disable this warning
2025-10-06 09:56:06.458  INFO 59706 --- [           main] o.s.b.w.embedded.tomcat.TomcatWebServer  : Tomcat started on port(s): 8080 (http) with context path ''
2025-10-06 09:56:06.465  INFO 59706 --- [           main] com.lms.LmsApplication                   : Started LmsApplication in 2.815 seconds (JVM running for 3.009)
Hibernate: 
    select
        count(*) as col_0_0_ 
    from
        users user0_
Hibernate: 
    insert 
    into
        users
        (id, email, name, password, role) 
    values
        (default, ?, ?, ?, ?)
Hibernate: 
    insert 
    into
        users
        (id, email, name, password, role) 
    values
        (default, ?, ?, ?, ?)
Hibernate: 
    insert 
    into
        courses
        (id, created_date, description, title) 
    values
        (default, ?, ?, ?)
Hibernate: 
    insert 
    into
        courses
        (id, created_date, description, title) 
    values
        (default, ?, ?, ?)
Hibernate: 
    insert 
    into
        courses
        (id, created_date, description, title) 
    values
        (default, ?, ?, ?)
Hibernate: 
    insert 
    into
        courses
        (id, created_date, description, title) 
    values
        (default, ?, ?, ?)
Hibernate: 
    insert 
    into
        courses
        (id, created_date, description, title) 
    values
        (default, ?, ?, ?)
Hibernate: 
    insert 
    into
        courses
        (id, created_date, description, title) 
    values
        (default, ?, ?, ?)
Hibernate: 
    insert 
    into
        courses
        (id, created_date, description, title) 
    values
        (default, ?, ?, ?)
Hibernate: 
    insert 
    into
        courses
        (id, created_date, description, title) 
    values
        (default, ?, ?, ?)
Hibernate: 
    insert 
    into
        quizzes
        (id, correct_answer, course_id, option_a, option_b, option_c, option_d, question) 
    values
        (default, ?, ?, ?, ?, ?, ?, ?)
Hibernate: 
    insert 
    into
        quizzes
        (id, correct_answer, course_id, option_a, option_b, option_c, option_d, question) 
    values
        (default, ?, ?, ?, ?, ?, ?, ?)
Hibernate: 
    insert 
    into
        quizzes
        (id, correct_answer, course_id, option_a, option_b, option_c, option_d, question) 
    values
        (default, ?, ?, ?, ?, ?, ?, ?)
Hibernate: 
    insert 
    into
        quizzes
        (id, correct_answer, course_id, option_a, option_b, option_c, option_d, question) 
    values
        (default, ?, ?, ?, ?, ?, ?, ?)
2025-10-06 09:56:16.990  INFO 59706 --- [nio-8080-exec-1] o.a.c.c.C.[Tomcat].[localhost].[/]       : Initializing Spring DispatcherServlet 'dispatcherServlet'
2025-10-06 09:56:16.990  INFO 59706 --- [nio-8080-exec-1] o.s.web.servlet.DispatcherServlet        : Initializing Servlet 'dispatcherServlet'
2025-10-06 09:56:16.991  INFO 59706 --- [nio-8080-exec-1] o.s.web.servlet.DispatcherServlet        : Completed initialization in 1 ms
Hibernate: 
    select
        user0_.id as id1_3_,
        user0_.email as email2_3_,
        user0_.name as name3_3_,
        user0_.password as password4_3_,
        user0_.role as role5_3_ 
    from
        users user0_ 
    where
        user0_.email=?
Hibernate: 
    select
        user0_.id as id1_3_,
        user0_.email as email2_3_,
        user0_.name as name3_3_,
        user0_.password as password4_3_,
        user0_.role as role5_3_ 
    from
        users user0_ 
    where
        user0_.email=?
2025-10-06 10:42:14.473  INFO 59706 --- [ionShutdownHook] j.LocalContainerEntityManagerFactoryBean : Closing JPA EntityManagerFactory for persistence unit 'default'
2025-10-06 10:42:14.474  INFO 59706 --- [ionShutdownHook] .SchemaDropperImpl$DelayedDropActionImpl : HHH000477: Starting delayed evictData of schema as part of SessionFactory shut-down'
Hibernate: 
    
    drop table if exists courses CASCADE 
