[[1;34mINFO[m] Scanning for projects...
[[1;34mINFO[m] 
[[1;34mINFO[m] [1m------------------------< [0;36mcom.lms:lms-backend[0;1m >-------------------------[m
[[1;34mINFO[m] [1mBuilding LMS Backend 1.0.0[m
[[1;34mINFO[m] [1m--------------------------------[ jar ]---------------------------------[m
[[1;34mINFO[m] 
[[1;34mINFO[m] [1m>>> [0;32mspring-boot-maven-plugin:2.7.0:run[m [1m(default-cli)[0;1m > [0;1mtest-compile[m @ [36mlms-backend[0;1m >>>[m
[[1;34mINFO[m] 
[[1;34mINFO[m] [1m--- [0;32mmaven-resources-plugin:3.2.0:resources[m [1m(default-resources)[m @ [36mlms-backend[0;1m ---[m
[[1;34mINFO[m] Using 'UTF-8' encoding to copy filtered resources.
[[1;34mINFO[m] Using 'UTF-8' encoding to copy filtered properties files.
[[1;34mINFO[m] Copying 1 resource
[[1;34mINFO[m] Copying 0 resource
[[1;34mINFO[m] 
[[1;34mINFO[m] [1m--- [0;32mmaven-compiler-plugin:3.10.1:compile[m [1m(default-compile)[m @ [36mlms-backend[0;1m ---[m
[[1;34mINFO[m] Nothing to compile - all classes are up to date
[[1;34mINFO[m] 
[[1;34mINFO[m] [1m--- [0;32mmaven-resources-plugin:3.2.0:testResources[m [1m(default-testResources)[m @ [36mlms-backend[0;1m ---[m
[[1;34mINFO[m] Using 'UTF-8' encoding to copy filtered resources.
[[1;34mINFO[m] Using 'UTF-8' encoding to copy filtered properties files.
[[1;34mINFO[m] skip non existing resourceDirectory /home/coder/project/workspace/springapp/src/test/resources
[[1;34mINFO[m] 
[[1;34mINFO[m] [1m--- [0;32mmaven-compiler-plugin:3.10.1:testCompile[m [1m(default-testCompile)[m @ [36mlms-backend[0;1m ---[m
[[1;34mINFO[m] Nothing to compile - all classes are up to date
[[1;34mINFO[m] 
[[1;34mINFO[m] [1m<<< [0;32mspring-boot-maven-plugin:2.7.0:run[m [1m(default-cli)[0;1m < [0;1mtest-compile[m @ [36mlms-backend[0;1m <<<[m
[[1;34mINFO[m] 
[[1;34mINFO[m] 
[[1;34mINFO[m] [1m--- [0;32mspring-boot-maven-plugin:2.7.0:run[m [1m(default-cli)[m @ [36mlms-backend[0;1m ---[m
[[1;34mINFO[m] Attaching agents: []

  .   ____          _            __ _ _
 /\\ / ___'_ __ _ _(_)_ __  __ _ \ \ \ \
( ( )\___ | '_ | '_| | '_ \/ _` | \ \ \ \
 \\/  ___)| |_)| | | | | || (_| |  ) ) ) )
  '  |____| .__|_| |_|_| |_\__, | / / / /
 =========|_|==============|___/=/_/_/_/
 :: Spring Boot ::                (v2.7.0)

2025-10-06 08:58:44.279  INFO 34623 --- [           main] com.lms.LmsApplication                   : Starting LmsApplication using Java 17.0.15 on faafabcfdbdafadabdcfaceddbbabeaeefcea-0 with PID 34623 (/home/coder/project/workspace/springapp/target/classes started by coder in /home/coder/project/workspace/springapp)
2025-10-06 08:58:44.281  INFO 34623 --- [           main] com.lms.LmsApplication                   : No active profile set, falling back to 1 default profile: "default"
2025-10-06 08:58:44.711  INFO 34623 --- [           main] .s.d.r.c.RepositoryConfigurationDelegate : Bootstrapping Spring Data JPA repositories in DEFAULT mode.
2025-10-06 08:58:44.749  INFO 34623 --- [           main] .s.d.r.c.RepositoryConfigurationDelegate : Finished Spring Data repository scanning in 32 ms. Found 4 JPA repository interfaces.
2025-10-06 08:58:45.155  INFO 34623 --- [           main] o.s.b.w.embedded.tomcat.TomcatWebServer  : Tomcat initialized with port(s): 8080 (http)
2025-10-06 08:58:45.163  INFO 34623 --- [           main] o.apache.catalina.core.StandardService   : Starting service [Tomcat]
2025-10-06 08:58:45.163  INFO 34623 --- [           main] org.apache.catalina.core.StandardEngine  : Starting Servlet engine: [Apache Tomcat/9.0.63]
2025-10-06 08:58:45.236  INFO 34623 --- [           main] o.a.c.c.C.[Tomcat].[localhost].[/]       : Initializing Spring embedded WebApplicationContext
2025-10-06 08:58:45.236  INFO 34623 --- [           main] w.s.c.ServletWebServerApplicationContext : Root WebApplicationContext: initialization completed in 913 ms
2025-10-06 08:58:45.276  INFO 34623 --- [           main] com.zaxxer.hikari.HikariDataSource       : HikariPool-1 - Starting...
2025-10-06 08:58:45.445  INFO 34623 --- [           main] com.zaxxer.hikari.HikariDataSource       : HikariPool-1 - Start completed.
2025-10-06 08:58:45.454  INFO 34623 --- [           main] o.s.b.a.h2.H2ConsoleAutoConfiguration    : H2 console available at '/h2-console'. Database available at 'jdbc:h2:mem:lmsdb'
2025-10-06 08:58:45.573  INFO 34623 --- [           main] o.hibernate.jpa.internal.util.LogHelper  : HHH000204: Processing PersistenceUnitInfo [name: default]
2025-10-06 08:58:45.600  INFO 34623 --- [           main] org.hibernate.Version                    : HHH000412: Hibernate ORM core version 5.6.9.Final
2025-10-06 08:58:45.701  INFO 34623 --- [           main] o.hibernate.annotations.common.Version   : HCANN000001: Hibernate Commons Annotations {5.1.2.Final}
2025-10-06 08:58:45.765  INFO 34623 --- [           main] org.hibernate.dialect.Dialect            : HHH000400: Using dialect: org.hibernate.dialect.H2Dialect
Hibernate: 
    
    drop table if exists courses CASCADE 
Hibernate: 
    
    drop table if exists enrollments CASCADE 
Hibernate: 
    
    drop table if exists quizzes CASCADE 
Hibernate: 
    
    drop table if exists users CASCADE 
Hibernate: 
    
    create table courses (
       id bigint generated by default as identity,
        created_date timestamp,
        description TEXT,
        title varchar(255) not null,
        primary key (id)
    )
Hibernate: 
    
    create table enrollments (
       id bigint generated by default as identity,
        course_id bigint not null,
        progress integer not null,
        user_id bigint not null,
        primary key (id)
    )
Hibernate: 
    
    create table quizzes (
       id bigint generated by default as identity,
        correct_answer varchar(255) not null,
        course_id bigint not null,
        option_a varchar(255) not null,
        option_b varchar(255) not null,
        option_c varchar(255) not null,
        option_d varchar(255) not null,
        question TEXT not null,
        primary key (id)
    )
Hibernate: 
    
    create table users (
       id bigint generated by default as identity,
        email varchar(255) not null,
        name varchar(255) not null,
        password varchar(255) not null,
        role varchar(255) not null,
        primary key (id)
    )
Hibernate: 
    
    alter table users 
       add constraint UK_6dotkott2kjsp8vw4d0m25fb7 unique (email)
2025-10-06 08:58:46.157  INFO 34623 --- [           main] o.h.e.t.j.p.i.JtaPlatformInitiator       : HHH000490: Using JtaPlatform implementation: [org.hibernate.engine.transaction.jta.platform.internal.NoJtaPlatform]
2025-10-06 08:58:46.162  INFO 34623 --- [           main] j.LocalContainerEntityManagerFactoryBean : Initialized JPA EntityManagerFactory for persistence unit 'default'
2025-10-06 08:58:46.600  WARN 34623 --- [           main] .s.s.UserDetailsServiceAutoConfiguration : 

Using generated security password: 5a7a6f32-7945-486f-8f8b-06c8bfce8990

This generated password is for development use only. Your security configuration must be updated before running your application in production.

2025-10-06 08:58:46.684  INFO 34623 --- [           main] o.s.s.web.DefaultSecurityFilterChain     : Will secure any request with [org.springframework.security.web.session.DisableEncodeUrlFilter@b2e1df3, org.springframework.security.web.context.request.async.WebAsyncManagerIntegrationFilter@56193e3a, org.springframework.security.web.context.SecurityContextPersistenceFilter@49bc71b4, org.springframework.security.web.header.HeaderWriterFilter@22cb8e5f, org.springframework.web.filter.CorsFilter@6cf3b3d7, org.springframework.security.web.authentication.logout.LogoutFilter@7c68a63c, com.lms.config.SecurityConfig$JwtAuthenticationFilter@2b1cd7bc, org.springframework.security.web.savedrequest.RequestCacheAwareFilter@6c2f8ecb, org.springframework.security.web.servletapi.SecurityContextHolderAwareRequestFilter@c3d4bd7, org.springframework.security.web.authentication.AnonymousAuthenticationFilter@2e785b28, org.springframework.security.web.session.SessionManagementFilter@8e8ceb3, org.springframework.security.web.access.ExceptionTranslationFilter@aa794a3, org.springframework.security.web.access.intercept.FilterSecurityInterceptor@4b762988]
2025-10-06 08:58:46.718  WARN 34623 --- [           main] JpaBaseConfiguration$JpaWebConfiguration : spring.jpa.open-in-view is enabled by default. Therefore, database queries may be performed during view rendering. Explicitly configure spring.jpa.open-in-view to disable this warning
2025-10-06 08:58:46.988  INFO 34623 --- [           main] o.s.b.w.embedded.tomcat.TomcatWebServer  : Tomcat started on port(s): 8080 (http) with context path ''
2025-10-06 08:58:46.996  INFO 34623 --- [           main] com.lms.LmsApplication                   : Started LmsApplication in 2.959 seconds (JVM running for 3.169)
Hibernate: 
    select
        count(*) as col_0_0_ 
    from
        users user0_
Hibernate: 
    insert 
    into
        users
        (id, email, name, password, role) 
    values
        (default, ?, ?, ?, ?)
Hibernate: 
    insert 
    into
        users
        (id, email, name, password, role) 
    values
        (default, ?, ?, ?, ?)
Hibernate: 
    insert 
    into
        courses
        (id, created_date, description, title) 
    values
        (default, ?, ?, ?)
Hibernate: 
    insert 
    into
        courses
        (id, created_date, description, title) 
    values
        (default, ?, ?, ?)
Hibernate: 
    insert 
    into
        courses
        (id, created_date, description, title) 
    values
        (default, ?, ?, ?)
Hibernate: 
    insert 
    into
        courses
        (id, created_date, description, title) 
    values
        (default, ?, ?, ?)
Hibernate: 
    insert 
    into
        courses
        (id, created_date, description, title) 
    values
        (default, ?, ?, ?)
Hibernate: 
    insert 
    into
        courses
        (id, created_date, description, title) 
    values
        (default, ?, ?, ?)
Hibernate: 
    insert 
    into
        courses
        (id, created_date, description, title) 
    values
        (default, ?, ?, ?)
Hibernate: 
    insert 
    into
        courses
        (id, created_date, description, title) 
    values
        (default, ?, ?, ?)
Hibernate: 
    insert 
    into
        quizzes
        (id, correct_answer, course_id, option_a, option_b, option_c, option_d, question) 
    values
        (default, ?, ?, ?, ?, ?, ?, ?)
Hibernate: 
    insert 
    into
        quizzes
        (id, correct_answer, course_id, option_a, option_b, option_c, option_d, question) 
    values
        (default, ?, ?, ?, ?, ?, ?, ?)
Hibernate: 
    insert 
    into
        quizzes
        (id, correct_answer, course_id, option_a, option_b, option_c, option_d, question) 
    values
        (default, ?, ?, ?, ?, ?, ?, ?)
Hibernate: 
    insert 
    into
        quizzes
        (id, correct_answer, course_id, option_a, option_b, option_c, option_d, question) 
    values
        (default, ?, ?, ?, ?, ?, ?, ?)
2025-10-06 08:58:53.070  INFO 34623 --- [nio-8080-exec-1] o.a.c.c.C.[Tomcat].[localhost].[/]       : Initializing Spring DispatcherServlet 'dispatcherServlet'
2025-10-06 08:58:53.070  INFO 34623 --- [nio-8080-exec-1] o.s.web.servlet.DispatcherServlet        : Initializing Servlet 'dispatcherServlet'
2025-10-06 08:58:53.071  INFO 34623 --- [nio-8080-exec-1] o.s.web.servlet.DispatcherServlet        : Completed initialization in 0 ms
[[1;34mINFO[m] [1m------------------------------------------------------------------------[m
[[1;34mINFO[m] [1;31mBUILD FAILURE[m
[[1;34mINFO[m] [1m------------------------------------------------------------------------[m
[[1;34mINFO[m] Total time:  19:13 min
[[1;34mINFO[m] Finished at: 2025-10-06T09:17:55Z
[[1;34mINFO[m] [1m------------------------------------------------------------------------[m
[[1;31mERROR[m] Failed to execute goal [32morg.springframework.boot:spring-boot-maven-plugin:2.7.0:run[m [1m(default-cli)[m on project [36mlms-backend[m: [1;31mApplication finished with exit code: 137[m -> [1m[Help 1][m
[[1;31mERROR[m] 
[[1;31mERROR[m] To see the full stack trace of the errors, re-run Maven with the [1m-e[m switch.
[[1;31mERROR[m] Re-run Maven using the [1m-X[m switch to enable full debug logging.
[[1;31mERROR[m] 
[[1;31mERROR[m] For more information about the errors and possible solutions, please read the following articles:
[[1;31mERROR[m] [1m[Help 1][m http://cwiki.apache.org/confluence/display/MAVEN/MojoExecutionException
